mode: set
github.com/natanaelrusli/tic-tac-toe/internal/tictactoe/cli.go:8.28,11.22 2 0
github.com/natanaelrusli/tic-tac-toe/internal/tictactoe/cli.go:11.22,17.23 4 0
github.com/natanaelrusli/tic-tac-toe/internal/tictactoe/cli.go:17.23,20.4 2 0
github.com/natanaelrusli/tic-tac-toe/internal/tictactoe/cli.go:23.2,23.18 1 0
github.com/natanaelrusli/tic-tac-toe/internal/tictactoe/game.go:22.36,28.16 4 0
github.com/natanaelrusli/tic-tac-toe/internal/tictactoe/game.go:28.16,30.3 1 0
github.com/natanaelrusli/tic-tac-toe/internal/tictactoe/game.go:32.2,32.18 1 0
github.com/natanaelrusli/tic-tac-toe/internal/tictactoe/game.go:35.70,41.25 4 1
github.com/natanaelrusli/tic-tac-toe/internal/tictactoe/game.go:41.25,42.26 1 1
github.com/natanaelrusli/tic-tac-toe/internal/tictactoe/game.go:42.26,44.4 1 1
github.com/natanaelrusli/tic-tac-toe/internal/tictactoe/game.go:47.2,50.20 3 1
github.com/natanaelrusli/tic-tac-toe/internal/tictactoe/game.go:53.44,66.2 2 1
github.com/natanaelrusli/tic-tac-toe/internal/tictactoe/game.go:68.57,71.16 2 1
github.com/natanaelrusli/tic-tac-toe/internal/tictactoe/game.go:71.16,73.3 1 1
github.com/natanaelrusli/tic-tac-toe/internal/tictactoe/game.go:75.2,77.13 2 1
github.com/natanaelrusli/tic-tac-toe/internal/tictactoe/game.go:77.13,79.3 1 1
github.com/natanaelrusli/tic-tac-toe/internal/tictactoe/game.go:81.2,81.40 1 1
github.com/natanaelrusli/tic-tac-toe/internal/tictactoe/game.go:81.40,83.21 1 1
github.com/natanaelrusli/tic-tac-toe/internal/tictactoe/game.go:83.21,85.4 1 1
github.com/natanaelrusli/tic-tac-toe/internal/tictactoe/game.go:88.2,88.27 1 1
github.com/natanaelrusli/tic-tac-toe/internal/tictactoe/game.go:91.49,95.33 3 1
github.com/natanaelrusli/tic-tac-toe/internal/tictactoe/game.go:95.33,96.20 1 1
github.com/natanaelrusli/tic-tac-toe/internal/tictactoe/game.go:96.20,98.4 1 1
github.com/natanaelrusli/tic-tac-toe/internal/tictactoe/game.go:98.9,98.27 1 1
github.com/natanaelrusli/tic-tac-toe/internal/tictactoe/game.go:98.27,100.4 1 1
github.com/natanaelrusli/tic-tac-toe/internal/tictactoe/game.go:102.3,102.20 1 1
github.com/natanaelrusli/tic-tac-toe/internal/tictactoe/game.go:102.20,104.4 1 1
github.com/natanaelrusli/tic-tac-toe/internal/tictactoe/game.go:104.9,104.27 1 1
github.com/natanaelrusli/tic-tac-toe/internal/tictactoe/game.go:104.27,106.4 1 1
github.com/natanaelrusli/tic-tac-toe/internal/tictactoe/game.go:108.3,108.20 1 1
github.com/natanaelrusli/tic-tac-toe/internal/tictactoe/game.go:108.20,110.4 1 1
github.com/natanaelrusli/tic-tac-toe/internal/tictactoe/game.go:110.9,110.27 1 1
github.com/natanaelrusli/tic-tac-toe/internal/tictactoe/game.go:110.27,112.4 1 1
github.com/natanaelrusli/tic-tac-toe/internal/tictactoe/game.go:115.2,115.30 1 1
github.com/natanaelrusli/tic-tac-toe/internal/tictactoe/game.go:115.30,117.3 1 1
github.com/natanaelrusli/tic-tac-toe/internal/tictactoe/game.go:119.2,119.40 1 1
github.com/natanaelrusli/tic-tac-toe/internal/tictactoe/game.go:119.40,122.10 2 1
github.com/natanaelrusli/tic-tac-toe/internal/tictactoe/game.go:122.10,124.4 1 1
github.com/natanaelrusli/tic-tac-toe/internal/tictactoe/game.go:127.2,127.21 1 1
github.com/natanaelrusli/tic-tac-toe/internal/tictactoe/game.go:130.51,131.33 1 1
github.com/natanaelrusli/tic-tac-toe/internal/tictactoe/game.go:131.33,132.27 1 1
github.com/natanaelrusli/tic-tac-toe/internal/tictactoe/game.go:132.27,133.32 1 1
github.com/natanaelrusli/tic-tac-toe/internal/tictactoe/game.go:133.32,135.5 1 1
github.com/natanaelrusli/tic-tac-toe/internal/tictactoe/game.go:139.2,139.14 1 1
github.com/natanaelrusli/tic-tac-toe/internal/tictactoe/game.go:142.42,145.30 2 1
github.com/natanaelrusli/tic-tac-toe/internal/tictactoe/game.go:145.30,146.30 1 1
github.com/natanaelrusli/tic-tac-toe/internal/tictactoe/game.go:146.30,148.4 1 1
github.com/natanaelrusli/tic-tac-toe/internal/tictactoe/game.go:151.2,151.13 1 1
github.com/natanaelrusli/tic-tac-toe/internal/tictactoe/tictactoe.go:8.32,12.2 1 1
