mode: set
github.com/natanaelrusli/tic-tac-toe/internal/tictactoe/cli.go:9.44,14.22 4 1
github.com/natanaelrusli/tic-tac-toe/internal/tictactoe/cli.go:14.22,21.23 4 1
github.com/natanaelrusli/tic-tac-toe/internal/tictactoe/cli.go:21.23,25.31 3 1
github.com/natanaelrusli/tic-tac-toe/internal/tictactoe/cli.go:25.31,27.10 2 1
github.com/natanaelrusli/tic-tac-toe/internal/tictactoe/cli.go:30.4,30.52 1 1
github.com/natanaelrusli/tic-tac-toe/internal/tictactoe/cli.go:34.2,34.18 1 1
github.com/natanaelrusli/tic-tac-toe/internal/tictactoe/game.go:21.59,28.2 4 1
github.com/natanaelrusli/tic-tac-toe/internal/tictactoe/game.go:30.70,36.25 4 1
github.com/natanaelrusli/tic-tac-toe/internal/tictactoe/game.go:36.25,37.26 1 1
github.com/natanaelrusli/tic-tac-toe/internal/tictactoe/game.go:37.26,39.4 1 1
github.com/natanaelrusli/tic-tac-toe/internal/tictactoe/game.go:42.2,45.20 3 1
github.com/natanaelrusli/tic-tac-toe/internal/tictactoe/game.go:48.44,61.2 2 1
github.com/natanaelrusli/tic-tac-toe/internal/tictactoe/game.go:63.48,66.16 2 1
github.com/natanaelrusli/tic-tac-toe/internal/tictactoe/game.go:66.16,68.3 1 1
github.com/natanaelrusli/tic-tac-toe/internal/tictactoe/game.go:70.2,72.13 2 1
github.com/natanaelrusli/tic-tac-toe/internal/tictactoe/game.go:72.13,74.3 1 1
github.com/natanaelrusli/tic-tac-toe/internal/tictactoe/game.go:76.2,76.40 1 1
github.com/natanaelrusli/tic-tac-toe/internal/tictactoe/game.go:76.40,78.21 1 1
github.com/natanaelrusli/tic-tac-toe/internal/tictactoe/game.go:78.21,80.4 1 1
github.com/natanaelrusli/tic-tac-toe/internal/tictactoe/game.go:83.2,83.22 1 1
github.com/natanaelrusli/tic-tac-toe/internal/tictactoe/game.go:86.49,90.33 3 1
github.com/natanaelrusli/tic-tac-toe/internal/tictactoe/game.go:90.33,91.20 1 1
github.com/natanaelrusli/tic-tac-toe/internal/tictactoe/game.go:91.20,93.4 1 1
github.com/natanaelrusli/tic-tac-toe/internal/tictactoe/game.go:93.9,93.27 1 1
github.com/natanaelrusli/tic-tac-toe/internal/tictactoe/game.go:93.27,95.4 1 1
github.com/natanaelrusli/tic-tac-toe/internal/tictactoe/game.go:97.3,97.20 1 1
github.com/natanaelrusli/tic-tac-toe/internal/tictactoe/game.go:97.20,99.4 1 1
github.com/natanaelrusli/tic-tac-toe/internal/tictactoe/game.go:99.9,99.27 1 1
github.com/natanaelrusli/tic-tac-toe/internal/tictactoe/game.go:99.27,101.4 1 1
github.com/natanaelrusli/tic-tac-toe/internal/tictactoe/game.go:103.3,103.20 1 1
github.com/natanaelrusli/tic-tac-toe/internal/tictactoe/game.go:103.20,105.4 1 1
github.com/natanaelrusli/tic-tac-toe/internal/tictactoe/game.go:105.9,105.27 1 1
github.com/natanaelrusli/tic-tac-toe/internal/tictactoe/game.go:105.27,107.4 1 1
github.com/natanaelrusli/tic-tac-toe/internal/tictactoe/game.go:110.2,110.30 1 1
github.com/natanaelrusli/tic-tac-toe/internal/tictactoe/game.go:110.30,112.3 1 1
github.com/natanaelrusli/tic-tac-toe/internal/tictactoe/game.go:114.2,114.40 1 1
github.com/natanaelrusli/tic-tac-toe/internal/tictactoe/game.go:114.40,117.10 2 1
github.com/natanaelrusli/tic-tac-toe/internal/tictactoe/game.go:117.10,119.4 1 1
github.com/natanaelrusli/tic-tac-toe/internal/tictactoe/game.go:122.2,122.21 1 1
github.com/natanaelrusli/tic-tac-toe/internal/tictactoe/game.go:125.51,126.33 1 1
github.com/natanaelrusli/tic-tac-toe/internal/tictactoe/game.go:126.33,127.27 1 1
github.com/natanaelrusli/tic-tac-toe/internal/tictactoe/game.go:127.27,128.32 1 1
github.com/natanaelrusli/tic-tac-toe/internal/tictactoe/game.go:128.32,130.5 1 1
github.com/natanaelrusli/tic-tac-toe/internal/tictactoe/game.go:134.2,134.14 1 1
github.com/natanaelrusli/tic-tac-toe/internal/tictactoe/game.go:137.42,140.30 2 1
github.com/natanaelrusli/tic-tac-toe/internal/tictactoe/game.go:140.30,141.30 1 1
github.com/natanaelrusli/tic-tac-toe/internal/tictactoe/game.go:141.30,143.4 1 1
github.com/natanaelrusli/tic-tac-toe/internal/tictactoe/game.go:146.2,146.13 1 1
github.com/natanaelrusli/tic-tac-toe/internal/tictactoe/tictactoe.go:8.32,12.2 1 1
